<?xml version="1.0" encoding="UTF-8"?>
<testng-results ignored="0" total="1" passed="1" failed="0" skipped="0">
  <reporter-output>
  </reporter-output>
  <suite started-at="2023-04-29T20:51:32 IST" name="Default suite" finished-at="2023-04-29T20:52:47 IST" duration-ms="74112">
    <groups>
    </groups>
    <test started-at="2023-04-29T20:51:32 IST" name="Default test" finished-at="2023-04-29T20:52:47 IST" duration-ms="74112">
      <class name="Module1_Login_Test.PBLoginTest">
        <test-method is-config="true" signature="openBrowser()[pri:0, instance:Module1_Login_Test.PBLoginTest@3cebbb30]" started-at="2023-04-29T20:51:32 IST" name="openBrowser" finished-at="2023-04-29T20:51:52 IST" duration-ms="19465" status="PASS">
          <reporter-output>
          </reporter-output>
        </test-method> <!-- openBrowser -->
        <test-method is-config="true" signature="loginToApp()[pri:0, instance:Module1_Login_Test.PBLoginTest@3cebbb30]" started-at="2023-04-29T20:51:52 IST" name="loginToApp" finished-at="2023-04-29T20:52:23 IST" duration-ms="30757" status="PASS">
          <reporter-output>
          </reporter-output>
        </test-method> <!-- loginToApp -->
        <test-method signature="verifyPN()[pri:0, instance:Module1_Login_Test.PBLoginTest@3cebbb30]" started-at="2023-04-29T20:52:23 IST" name="verifyPN" finished-at="2023-04-29T20:52:45 IST" duration-ms="22488" status="PASS">
          <reporter-output>
          </reporter-output>
        </test-method> <!-- verifyPN -->
        <test-method is-config="true" signature="logoutFromApp(org.testng.ITestResult)[pri:0, instance:Module1_Login_Test.PBLoginTest@3cebbb30]" started-at="2023-04-29T20:52:45 IST" name="logoutFromApp" finished-at="2023-04-29T20:52:45 IST" duration-ms="3" status="PASS">
          <params>
            <param index="0">
              <value>
                <![CDATA[[TestResult name=verifyPN status=SUCCESS method=PBLoginTest.verifyPN()[pri:0, instance:Module1_Login_Test.PBLoginTest@3cebbb30] output={null}]]]>
              </value>
            </param>
          </params>
          <reporter-output>
          </reporter-output>
        </test-method> <!-- logoutFromApp -->
        <test-method is-config="true" signature="closeBrowser()[pri:0, instance:Module1_Login_Test.PBLoginTest@3cebbb30]" started-at="2023-04-29T20:52:45 IST" name="closeBrowser" finished-at="2023-04-29T20:52:47 IST" duration-ms="1340" status="PASS">
          <reporter-output>
          </reporter-output>
        </test-method> <!-- closeBrowser -->
      </class> <!-- Module1_Login_Test.PBLoginTest -->
    </test> <!-- Default test -->
  </suite> <!-- Default suite -->
</testng-results>
